============================================================
  Generated by:           Genus(TM) Synthesis Solution 22.17-s071_1
  Generated on:           Apr 10 2026  09:54:32 am
  Module:                 bound_flasher
  Technology libraries:   slow_1v0 
                          pll 0.0
                          CDK_S128x16 0.0
                          CDK_S256x16 0.0
                          CDK_R512x16 0.0
                          physical_cells 
                          slow_1v0 
                          pll 0.0
                          CDK_S128x16 0.0
                          CDK_S256x16 0.0
                          CDK_R512x16 0.0
                          physical_cells 
  Operating conditions:   slow 
  Interconnect mode:      global
  Area mode:              physical library
============================================================

Timing
--------

Clock Period 
-------------
clk   1800.0 


  Cost    Critical         Violating 
 Group   Path Slack  TNS     Paths   
-------------------------------------
clk             0.0   0.0          0 
default    No paths   0.0            
-------------------------------------
Total                 0.0          0 

Instance Count
--------------
Leaf Instance Count             518 
Physical Instance count           0 
Sequential Instance Count        51 
Combinational Instance Count    467 
Hierarchical Instance Count       0 

Area
----
Cell Area                          1505.467
Physical Cell Area                 0.000
Total Cell Area (Cell+Physical)    1505.467
Net Area                           649.146
Total Area (Cell+Physical+Net)     2154.613

Runtime                            0.0 seconds
Elapsed Runtime                    203 seconds
Genus peak memory usage            1629.37 
Innovus peak memory usage          no_value 
Hostname                           vlsiktmt.tailff29c4.ts.net
